C51 COMPILER V9.56.0.0   DELAY                                                             02/19/2020 11:11:47 PAGE 1   


C51 COMPILER V9.56.0.0, COMPILATION OF MODULE DELAY
OBJECT MODULE PLACED IN ..\OBJ\delay.obj
COMPILER INVOKED BY: D:\Program_File\Keil_v5\C51\BIN\C51.EXE ..\SYSTEM\delay.c OPTIMIZE(8,SPEED) BROWSE INCDIR(..\HARDWA
                    -RE;..\SYSTEM) DEBUG OBJECTEXTEND PRINT(.\Listings\delay.lst) OBJECT(..\OBJ\delay.obj)

line level    source

   1          #include "delay.h"
   2          
   3          
   4          
   5          
   6          //毫秒延时**************************
   7          void delay_nms(unsigned int k)  
   8          {                                               
   9   1              unsigned int i,j;       
  10   1              
  11   1              for(i=0;i<k;i++)
  12   1              {                       
  13   2                      for(j=0;j<121;j++)                      
  14   2                      {;}
  15   2              }                                               
  16   1      }
  17          
  18          /**************************************
  19          延时5微秒(STC90C52RC@12M)
  20          不同的工作环境,需要调整此函数，注意时钟过快时需要修改
  21          当改用1T的MCU时,请调整此延时函数
  22          **************************************/
  23          void Delay5us()
  24          {
  25   1          _nop_();_nop_();_nop_();_nop_();
  26   1          _nop_();_nop_();_nop_();_nop_();
  27   1              _nop_();_nop_();_nop_();_nop_();
  28   1              _nop_();_nop_();_nop_();_nop_();
  29   1      }
  30          
  31          /**************************************
  32          延时5毫秒(STC90C52RC@12M)
  33          不同的工作环境,需要调整此函数
  34          当改用1T的MCU时,请调整此延时函数
  35          **************************************/
  36          void Delay5ms()
  37          {
  38   1          uint n = 560;
  39   1      
  40   1          while (n--);
  41   1      }


MODULE INFORMATION:   STATIC OVERLAYABLE
   CODE SIZE        =     64    ----
   CONSTANT SIZE    =   ----    ----
   XDATA SIZE       =   ----    ----
   PDATA SIZE       =   ----    ----
   DATA SIZE        =   ----    ----
   IDATA SIZE       =   ----    ----
   BIT SIZE         =   ----    ----
END OF MODULE INFORMATION.


C51 COMPILATION COMPLETE.  0 WARNING(S),  0 ERROR(S)
