C51 COMPILER V9.56.0.0   KEY                                                               03/24/2020 16:40:36 PAGE 1   


C51 COMPILER V9.56.0.0, COMPILATION OF MODULE KEY
OBJECT MODULE PLACED IN ..\OBJ\key.obj
COMPILER INVOKED BY: D:\Program_File\Keil_v5\C51\BIN\C51.EXE ..\HARDWARE\KEY\key.c OPTIMIZE(8,SPEED) BROWSE INCDIR(..\HA
                    -RDWARE;..\SYSTEM;..\HARDWARE\USART;..\HARDWARE\LED;..\HARDWARE\EEPROM;..\HARDWARE\KEY) DEBUG OBJECTEXTEND PRINT(.\Listin
                    -gs\key.lst) OBJECT(..\OBJ\key.obj)

line level    source

   1          #include "key.h"
   2          #include "delay.h"
   3          
   4          int key = 0;
   5          
   6          
   7          /*******************************************************************************
   8          * 函数名         : KEY_Scan
   9          * 功能                         : 按键扫描
  10          * 输入                         ：模式 0不支持连续按，1支持连续按
  11          * 输出                         : 按键值
  12          *******************************************************************************/
  13          int KEY_Scan(int mode)          
  14          {
  15   1              static int KeyUp_flag = 1;
  16   1              if(mode == 1)
  17   1                      KeyUp_flag = 1;
  18   1              
  19   1              if((KeyUp_flag == 1)&&(KEY0 == 0||KEY1 ==0||KEY2 == 0||KEY3 == 0))
  20   1              {
  21   2                      delay_nms(10);          //消抖
  22   2                      KeyUp_flag = 0;
  23   2                      if(KEY0 == 0)return 1;
  24   2                      else if(KEY1 == 0)return 2;
  25   2                      else if(KEY2 == 0)return 3;
  26   2                      else if(KEY3 == 0)return 4;
  27   2              }
  28   1              else if(KEY0 == 1&&KEY1 ==1&&KEY2 == 1&&KEY3 == 1)
  29   1                      KeyUp_flag = 1;
  30   1              
  31   1              return 0;                               //无按键按下
  32   1      }


MODULE INFORMATION:   STATIC OVERLAYABLE
   CODE SIZE        =     96    ----
   CONSTANT SIZE    =   ----    ----
   XDATA SIZE       =   ----    ----
   PDATA SIZE       =   ----    ----
   DATA SIZE        =      4    ----
   IDATA SIZE       =   ----    ----
   BIT SIZE         =   ----    ----
END OF MODULE INFORMATION.


C51 COMPILATION COMPLETE.  0 WARNING(S),  0 ERROR(S)
