C51 COMPILER V9.56.0.0   USART                                                             03/25/2020 16:38:28 PAGE 1   


C51 COMPILER V9.56.0.0, COMPILATION OF MODULE USART
OBJECT MODULE PLACED IN ..\OBJ\usart.obj
COMPILER INVOKED BY: D:\Program_File\Keil_v5\C51\BIN\C51.EXE ..\HARDWARE\USART\usart.c OPTIMIZE(8,SPEED) BROWSE INCDIR(.
                    -.\HARDWARE;..\SYSTEM;..\HARDWARE\USART;..\HARDWARE\LED;..\HARDWARE\EEPROM;..\HARDWARE\KEY) DEBUG OBJECTEXTEND PRINT(.\Li
                    -stings\usart.lst) OBJECT(..\OBJ\usart.obj)

line level    source

   1          #include "usart.h"
   2          
   3          unsigned char R_STA = 0;        //串口接收状态
   4          unsigned char res = 0;
   5          unsigned char idata str[USART_SIZE] = {0x39,0x00,0x00,0x00,0x00,0x93};  //串口数据缓存 0x39起 0x93
             -束
   6          
   7          /*******************************************************************************
   8          * 函数名         : UART_Init
   9          * 功能                         : 初始化串口
  10          * 输入                         ：无
  11          * 输出                         : 无
  12          *******************************************************************************/
  13          void UART_Init() 
  14          {  
  15   1              TMOD|=0X20;     //定时器1定时器方式 工作模式2
  16   1              SCON=0X51;              //选择工作模式1使能接收，允许发送，允许接收 
  17   1              //EA=1;                         //开总中断  
  18   1              ES=1;                   //开串口中断
  19   1              ET1=0;                  //开定时器中断    
  20   1              PCON=0X80;              //8位自动重载，波特率加倍    
  21   1              TH1=0XFA;               //波特率9600
  22   1              TL1=0XFA; 
  23   1              TR1=1;                  //打开定时器1
  24   1      }
  25          
  26          
  27          /*******************************************************************************
  28          * 函数名         : UART_Putch
  29          * 功能                         : 发送一帧数据
  30          * 输入                         ：数组地址
  31          * 输出                         : 无
  32          *******************************************************************************/
  33          void UART_Putch(uchar idata *dat)  
  34          {
  35   1         uchar i;
  36   1         for(i=0 ;i<6;i++)    
  37   1         {
  38   2                              SBUF=dat[i];            //把数据送到sbuf缓冲器中                                         
  39   2                              while(TI!=1);           //等待发送完成
  40   2                              TI=0;                           //T1清零
  41   2              }
  42   1      }
  43          
  44          /*******************************************************************************
  45          * 函数名         : UART_IRQHandler
  46          * 功能                         : 串口中断服务函数，接收一帧数据 0x39起 0x93结束
  47          * 输入                         : 无
  48          * 输出                         : 无
  49          *******************************************************************************/
  50          void UART_IRQHandler() interrupt 4 
  51          {
  52   1       
C51 COMPILER V9.56.0.0   USART                                                             03/25/2020 16:38:28 PAGE 2   

  53   1              if(RI==1)                       //收到数据
  54   1              {
  55   2                
  56   2                      res=SBUF;
  57   2      
  58   2                      if((R_STA&0x80)==0)             //接收未完成
  59   2                      {
  60   3                              
  61   3                              if((R_STA&0x40) == 0x40)        //接收到帧头
  62   3                              {
  63   4      
  64   4                                      if(res != 0x93)
  65   4                                      {
  66   5                                              R_STA++;
  67   5                                              if((R_STA&0x3f)>(USART_SIZE-2))         //接收溢出，重新接收
  68   5                                              {
  69   6                                                      R_STA = 0;
  70   6                                              }
  71   5                                              str[R_STA&0x3f] = res;  //存到缓存区
  72   5                                      }
  73   4                                      else
  74   4                                      {
  75   5                                              R_STA|=0x80;            //接收到帧尾，标志一帧数据接收完成
  76   5                                      }
  77   4                              }
  78   3                              else
  79   3                              {
  80   4                                      if(res == 0x39)
  81   4                                      {
  82   5                                              R_STA |= 0x40;          //标志接收到帧头
  83   5                                      }
  84   4                                      else
  85   4                                      {
  86   5                                              R_STA = 0;
  87   5                                      }
  88   4                              }
  89   3                      }
  90   2              }
  91   1              RI = 0;
  92   1      }


MODULE INFORMATION:   STATIC OVERLAYABLE
   CODE SIZE        =    121    ----
   CONSTANT SIZE    =   ----    ----
   XDATA SIZE       =   ----    ----
   PDATA SIZE       =   ----    ----
   DATA SIZE        =      2    ----
   IDATA SIZE       =      6    ----
   BIT SIZE         =   ----    ----
END OF MODULE INFORMATION.


C51 COMPILATION COMPLETE.  0 WARNING(S),  0 ERROR(S)
